<?xml version="1.0" encoding="UTF-8"?>
<!-- Generated by org.testng.reporters.JUnitReportReporter -->
<testsuite hostname="DESKTOP-KJRU1NJ" failures="0" tests="3" name="SuitPackage.FacebookLogin" time="55.492" errors="0" timestamp="2020-03-27T23:56:54 IST" skipped="0">
  <testcase classname="SuitPackage.FacebookLogin" name="btestcase1" time="16.774"/>
  <system-out/>
  <testcase classname="SuitPackage.FacebookLogin" name="ctestcase2" time="15.716"/>
  <system-out/>
  <testcase classname="SuitPackage.FacebookLogin" name="atestcase3" time="23.002"/>
  <system-out/>
</testsuite> <!-- SuitPackage.FacebookLogin -->
