<?xml version="1.0" encoding="UTF-8"?>
<!-- Generated by org.testng.reporters.JUnitReportReporter -->
<testsuite hostname="DESKTOP-KJRU1NJ" failures="0" tests="10" name="DemoPackage.DataProviderDemo" time="194.384" errors="0" timestamp="2020-03-23T18:20:40 IST" skipped="0">
  <testcase classname="DemoPackage.DataProviderDemo" name="testcases" time="25.408"/>
  <system-out/>
  <testcase classname="DemoPackage.DataProviderDemo" name="testcases" time="15.442"/>
  <system-out/>
  <testcase classname="DemoPackage.DataProviderDemo" name="testcases" time="13.186"/>
  <system-out/>
  <testcase classname="DemoPackage.DataProviderDemo" name="testcases" time="21.124"/>
  <system-out/>
  <testcase classname="DemoPackage.DataProviderDemo" name="testcases" time="13.839"/>
  <system-out/>
  <testcase classname="DemoPackage.DataProviderDemo" name="testcases" time="23.808"/>
  <system-out/>
  <testcase classname="DemoPackage.DataProviderDemo" name="testcases" time="17.268"/>
  <system-out/>
  <testcase classname="DemoPackage.DataProviderDemo" name="testcases" time="19.436"/>
  <system-out/>
  <testcase classname="DemoPackage.DataProviderDemo" name="testcases" time="19.067"/>
  <system-out/>
  <testcase classname="DemoPackage.DataProviderDemo" name="testcases" time="25.806"/>
  <system-out/>
</testsuite> <!-- DemoPackage.DataProviderDemo -->
