<?xml version="1.0" encoding="UTF-8"?>
<!-- Generated by org.testng.reporters.JUnitReportReporter -->
<testsuite hostname="DESKTOP-KJRU1NJ" failures="0" tests="3" name="DemoPackage.TestngTesting" time="90.151" errors="0" timestamp="2020-03-18T17:45:41 IST" skipped="0">
  <testcase classname="DemoPackage.TestngTesting" name="testCase2" time="35.682"/>
  <system-out/>
  <testcase classname="DemoPackage.TestngTesting" name="testCase3" time="30.381"/>
  <system-out/>
  <testcase classname="DemoPackage.TestngTesting" name="testCase1" time="24.088"/>
  <system-out/>
</testsuite> <!-- DemoPackage.TestngTesting -->
