<?xml version="1.0" encoding="UTF-8"?>
<!-- Generated by org.testng.reporters.JUnitReportReporter -->
<testsuite hostname="DESKTOP-KJRU1NJ" failures="0" tests="1" name="SuitPackage.Beforeandaftertestdemo" time="6.025" errors="0" timestamp="2020-03-28T00:34:10 IST" skipped="0">
  <testcase classname="SuitPackage.Beforeandaftertestdemo" name="testcase1" time="6.025"/>
  <system-out/>
</testsuite> <!-- SuitPackage.Beforeandaftertestdemo -->
