<?xml version="1.0" encoding="UTF-8"?>
<!-- Generated by org.testng.reporters.JUnitReportReporter -->
<testsuite hostname="DESKTOP-KJRU1NJ" failures="0" tests="1" name="SuitPackage.AssertDemo" time="15.656" errors="0" timestamp="2020-03-27T23:56:54 IST" skipped="0">
  <testcase classname="SuitPackage.AssertDemo" name="testCase1" time="15.656"/>
  <system-out/>
</testsuite> <!-- SuitPackage.AssertDemo -->
