<?xml version="1.0" encoding="UTF-8"?>
<!-- Generated by org.testng.reporters.JUnitReportReporter -->
<testsuite hostname="DESKTOP-KJRU1NJ" failures="0" tests="3" name="DemoPackage.testngannotation" time="62.736" errors="0" timestamp="2020-03-19T16:02:53 IST" skipped="0">
  <testcase classname="DemoPackage.testngannotation" name="TestCase2" time="19.538"/>
  <system-out/>
  <testcase classname="DemoPackage.testngannotation" name="TestCase3" time="23.487"/>
  <system-out/>
  <testcase classname="DemoPackage.testngannotation" name="TestCase1" time="19.711"/>
  <system-out/>
</testsuite> <!-- DemoPackage.testngannotation -->
